app/manifest-merger-flavourMdpi-release-report.txt
-- Merging decision tree log ---
manifest
ADDED from AndroidManifest.xml:2:1
	xmlns:tools
		ADDED from AndroidManifest.xml:3:5
	xmlns:android
		ADDED from AndroidManifest.xml:2:11
	package
		ADDED from AndroidManifest.xml:4:5
		INJECTED from AndroidManifest.xml:0:0
		INJECTED from AndroidManifest.xml:0:0
	android:versionName
		INJECTED from AndroidManifest.xml:0:0
		INJECTED from AndroidManifest.xml:0:0
	android:versionCode
		INJECTED from AndroidManifest.xml:0:0
		INJECTED from AndroidManifest.xml:0:0
	android:installLocation
		ADDED from AndroidManifest.xml:5:5
uses-permission#android.permission.ACCESS_NETWORK_STATE
ADDED from AndroidManifest.xml:7:5
	android:name
		ADDED from AndroidManifest.xml:7:22
uses-permission#android.permission.WRITE_EXTERNAL_STORAGE
ADDED from AndroidManifest.xml:8:5
MERGED from mobile-app:androidImageSlider:unspecified:12:5
	android:name
		ADDED from AndroidManifest.xml:8:22
uses-permission#android.permission.INTERNET
ADDED from AndroidManifest.xml:9:5
MERGED from mobile-app:androidImageSlider:unspecified:11:5
MERGED from com.crashlytics.sdk.android:crashlytics:2.4.0:9:5
MERGED from com.crashlytics.sdk.android:crashlytics-core:2.3.3:9:5
	android:name
		ADDED from AndroidManifest.xml:9:22
uses-permission#android.permission.RECORD_AUDIO
ADDED from AndroidManifest.xml:10:5
	android:name
		ADDED from AndroidManifest.xml:10:22
uses-permission#com.google.android.c2dm.permission.RECEIVE
ADDED from AndroidManifest.xml:12:5
	android:name
		ADDED from AndroidManifest.xml:12:22
uses-permission#android.permission.GET_ACCOUNTS
ADDED from AndroidManifest.xml:14:5
	android:name
		ADDED from AndroidManifest.xml:14:22
uses-permission#android.permission.WAKE_LOCK
ADDED from AndroidManifest.xml:16:5
	android:name
		ADDED from AndroidManifest.xml:16:22
uses-permission#android.permission.USE_CREDENTIALS
ADDED from AndroidManifest.xml:17:5
	android:name
		ADDED from AndroidManifest.xml:17:22
uses-permission#android.permission.READ_PHONE_STATE
ADDED from AndroidManifest.xml:19:5
	android:name
		ADDED from AndroidManifest.xml:19:22
uses-permission#android.permission.CAMERA
ADDED from AndroidManifest.xml:25:5
MERGED from com.journeyapps:zxing-android-embedded:3.0.1:23:5
	android:name
		ADDED from AndroidManifest.xml:25:22
uses-feature#0x00020000
ADDED from AndroidManifest.xml:26:5
	android:required
		ADDED from AndroidManifest.xml:28:9
	android:glEsVersion
		ADDED from AndroidManifest.xml:27:9
supports-screens
ADDED from AndroidManifest.xml:30:5
	android:resizeable
		ADDED from AndroidManifest.xml:34:9
	android:largeScreens
		ADDED from AndroidManifest.xml:32:9
	android:anyDensity
		ADDED from AndroidManifest.xml:31:9
	android:normalScreens
		ADDED from AndroidManifest.xml:33:9
	android:xlargeScreens
		ADDED from AndroidManifest.xml:36:9
	android:smallScreens
		ADDED from AndroidManifest.xml:35:9
uses-permission#com.bigbasket.mobileapp.permission.C2D_MESSAGE
ADDED from AndroidManifest.xml:42:5
	android:name
		ADDED from AndroidManifest.xml:42:22
uses-permission#com.google.android.providers.gsf.permission.READ_GSERVICES
ADDED from AndroidManifest.xml:44:5
	android:name
		ADDED from AndroidManifest.xml:44:22
application
ADDED from AndroidManifest.xml:46:5
MERGED from com.android.support:support-v4:22.2.0:22:5
MERGED from com.android.support:appcompat-v7:22.2.0:22:5
MERGED from com.android.support:support-v4:22.2.0:22:5
MERGED from com.android.support:recyclerview-v7:22.1.1:22:5
MERGED from com.android.support:support-v4:22.2.0:22:5
MERGED from com.google.android.gms:play-services-ads:6.5.87:19:5
MERGED from com.google.android.gms:play-services-base:6.5.87:20:5
MERGED from com.android.support:support-v4:22.2.0:22:5
MERGED from com.google.android.gms:play-services-plus:6.5.87:19:5
MERGED from com.google.android.gms:play-services-base:6.5.87:20:5
MERGED from com.android.support:support-v4:22.2.0:22:5
MERGED from com.facebook.android:facebook-android-sdk:4.4.0:28:5
MERGED from com.android.support:support-v4:22.2.0:22:5
MERGED from com.crashlytics.sdk.android:crashlytics:2.4.0:11:5
MERGED from io.fabric.sdk.android:fabric:1.3.4:25:5
MERGED from com.crashlytics.sdk.android:crashlytics-core:2.3.3:11:5
MERGED from io.fabric.sdk.android:fabric:1.3.4:25:5
MERGED from com.crashlytics.sdk.android:answers:1.2.2:9:5
MERGED from io.fabric.sdk.android:fabric:1.3.4:25:5
MERGED from com.crashlytics.sdk.android:beta:1.1.3:9:5
MERGED from io.fabric.sdk.android:fabric:1.3.4:25:5
MERGED from com.crashlytics.sdk.android:answers:1.2.2:9:5
MERGED from io.fabric.sdk.android:fabric:1.3.4:25:5
MERGED from com.journeyapps:zxing-android-embedded:3.0.1:47:5
MERGED from mobile-app:wibmoSDK:unspecified:11:5
MERGED from com.github.castorflex.smoothprogressbar:library:1.1.0:12:5
MERGED from mobile-app:moe-addon-ubox:unspecified:11:5
MERGED from com.android.support:appcompat-v7:22.2.0:22:5
MERGED from com.android.support:support-v4:22.2.0:22:5
MERGED from com.moengage:moe-android-sdk:5.1.9:9:5
MERGED from com.android.support:support-v4:22.2.0:22:5
MERGED from com.melnykov:floatingactionbutton:1.3.0:12:5
MERGED from com.android.support:recyclerview-v7:22.1.1:22:5
MERGED from com.android.support:support-v4:22.2.0:22:5
	android:label
		ADDED from AndroidManifest.xml:50:9
	android:allowBackup
		ADDED from AndroidManifest.xml:48:9
	android:icon
		ADDED from AndroidManifest.xml:49:9
	android:theme
		ADDED from AndroidManifest.xml:51:9
		REJECTED from mobile-app:wibmoSDK:unspecified:13:9
	tools:replace
		ADDED from AndroidManifest.xml:52:9
	android:name
		ADDED from AndroidManifest.xml:47:9
meta-data#android.app.default_searchable
ADDED from AndroidManifest.xml:53:9
	android:name
		ADDED from AndroidManifest.xml:54:13
	android:value
		ADDED from AndroidManifest.xml:55:13
activity#com.bigbasket.mobileapp.activity.SplashActivity
ADDED from AndroidManifest.xml:57:9
	android:windowSoftInputMode
		ADDED from AndroidManifest.xml:63:13
	android:screenOrientation
		ADDED from AndroidManifest.xml:61:13
	android:label
		ADDED from AndroidManifest.xml:60:13
	android:configChanges
		ADDED from AndroidManifest.xml:59:13
	android:theme
		ADDED from AndroidManifest.xml:62:13
	android:name
		ADDED from AndroidManifest.xml:58:13
intent-filter#android.intent.action.MAIN+android.intent.category.LAUNCHER
ADDED from AndroidManifest.xml:64:13
action#android.intent.action.MAIN
ADDED from AndroidManifest.xml:65:17
	android:name
		ADDED from AndroidManifest.xml:65:25
category#android.intent.category.LAUNCHER
ADDED from AndroidManifest.xml:67:17
	android:name
		ADDED from AndroidManifest.xml:67:27
receiver#com.appsflyer.MultipleInstallBroadcastReceiver
ADDED from AndroidManifest.xml:74:9
	android:exported
		ADDED from AndroidManifest.xml:76:13
	android:name
		ADDED from AndroidManifest.xml:75:13
intent-filter#com.android.vending.INSTALL_REFERRER
ADDED from AndroidManifest.xml:77:13
action#com.android.vending.INSTALL_REFERRER
ADDED from AndroidManifest.xml:78:17
	android:name
		ADDED from AndroidManifest.xml:78:25
activity#com.bigbasket.mobileapp.activity.CustomerFeedbackActivity
ADDED from AndroidManifest.xml:82:9
	android:windowSoftInputMode
		ADDED from AndroidManifest.xml:87:13
	android:screenOrientation
		ADDED from AndroidManifest.xml:85:13
	android:configChanges
		ADDED from AndroidManifest.xml:84:13
	android:theme
		ADDED from AndroidManifest.xml:86:13
	android:name
		ADDED from AndroidManifest.xml:83:13
activity#com.bigbasket.mobileapp.activity.DeepLinkDispatcherActivity
ADDED from AndroidManifest.xml:100:9
	android:windowSoftInputMode
		ADDED from AndroidManifest.xml:105:13
	android:screenOrientation
		ADDED from AndroidManifest.xml:103:13
	android:configChanges
		ADDED from AndroidManifest.xml:102:13
	android:theme
		ADDED from AndroidManifest.xml:104:13
	android:name
		ADDED from AndroidManifest.xml:101:13
intent-filter#android.intent.action.VIEW+android.intent.category.BROWSABLE+android.intent.category.DEFAULT
ADDED from AndroidManifest.xml:113:13
action#android.intent.action.VIEW
ADDED from AndroidManifest.xml:114:17
	android:name
		ADDED from AndroidManifest.xml:114:25
category#android.intent.category.DEFAULT
ADDED from AndroidManifest.xml:116:17
	android:name
		ADDED from AndroidManifest.xml:116:27
category#android.intent.category.BROWSABLE
ADDED from AndroidManifest.xml:117:17
	android:name
		ADDED from AndroidManifest.xml:117:27
data
ADDED from AndroidManifest.xml:119:17
	android:host
		ADDED from AndroidManifest.xml:120:21
	android:scheme
		ADDED from AndroidManifest.xml:121:21
activity#com.bigbasket.mobileapp.activity.base.uiv3.BBActivity
ADDED from AndroidManifest.xml:284:9
	android:windowSoftInputMode
		ADDED from AndroidManifest.xml:287:13
	android:screenOrientation
		ADDED from AndroidManifest.xml:286:13
	android:name
		ADDED from AndroidManifest.xml:285:13
intent-filter#android.intent.action.SEARCH
ADDED from AndroidManifest.xml:288:13
action#android.intent.action.SEARCH
ADDED from AndroidManifest.xml:289:17
	android:name
		ADDED from AndroidManifest.xml:289:25
meta-data#android.app.searchable
ADDED from AndroidManifest.xml:291:13
	android:resource
		ADDED from AndroidManifest.xml:293:17
	android:name
		ADDED from AndroidManifest.xml:292:17
activity#com.bigbasket.mobileapp.activity.product.ProductListActivity
ADDED from AndroidManifest.xml:295:9
	android:windowSoftInputMode
		ADDED from AndroidManifest.xml:299:13
	android:screenOrientation
		ADDED from AndroidManifest.xml:298:13
	android:name
		ADDED from AndroidManifest.xml:296:13
	android:launchMode
		ADDED from AndroidManifest.xml:297:13
activity#com.bigbasket.mobileapp.activity.product.FilterActivity
ADDED from AndroidManifest.xml:308:9
	android:windowSoftInputMode
		ADDED from AndroidManifest.xml:313:13
	android:screenOrientation
		ADDED from AndroidManifest.xml:311:13
	android:configChanges
		ADDED from AndroidManifest.xml:310:13
	android:theme
		ADDED from AndroidManifest.xml:312:13
	android:name
		ADDED from AndroidManifest.xml:309:13
activity#com.bigbasket.mobileapp.activity.LandingPageActivity
ADDED from AndroidManifest.xml:315:9
	android:windowSoftInputMode
		ADDED from AndroidManifest.xml:320:13
	android:screenOrientation
		ADDED from AndroidManifest.xml:318:13
	android:configChanges
		ADDED from AndroidManifest.xml:317:13
	android:theme
		ADDED from AndroidManifest.xml:319:13
	android:name
		ADDED from AndroidManifest.xml:316:13
activity#com.bigbasket.mobileapp.activity.order.uiv3.ShowCartActivity
ADDED from AndroidManifest.xml:322:9
	android:windowSoftInputMode
		ADDED from AndroidManifest.xml:327:13
	android:screenOrientation
		ADDED from AndroidManifest.xml:325:13
	android:configChanges
		ADDED from AndroidManifest.xml:324:13
	android:theme
		ADDED from AndroidManifest.xml:326:13
	android:name
		ADDED from AndroidManifest.xml:323:13
activity#com.bigbasket.mobileapp.activity.product.DiscountActivity
ADDED from AndroidManifest.xml:329:9
	android:windowSoftInputMode
		ADDED from AndroidManifest.xml:333:13
	android:screenOrientation
		ADDED from AndroidManifest.xml:332:13
	android:configChanges
		ADDED from AndroidManifest.xml:331:13
	android:name
		ADDED from AndroidManifest.xml:330:13
activity#com.bigbasket.mobileapp.activity.HomeActivity
ADDED from AndroidManifest.xml:334:9
	android:windowSoftInputMode
		ADDED from AndroidManifest.xml:338:13
	android:screenOrientation
		ADDED from AndroidManifest.xml:337:13
	android:configChanges
		ADDED from AndroidManifest.xml:336:13
	android:name
		ADDED from AndroidManifest.xml:335:13
activity#com.bigbasket.mobileapp.activity.SectionHelpActivity
ADDED from AndroidManifest.xml:339:9
	android:windowSoftInputMode
		ADDED from AndroidManifest.xml:344:13
	android:screenOrientation
		ADDED from AndroidManifest.xml:342:13
	android:configChanges
		ADDED from AndroidManifest.xml:341:13
	android:theme
		ADDED from AndroidManifest.xml:343:13
	android:name
		ADDED from AndroidManifest.xml:340:13
activity#com.bigbasket.mobileapp.activity.order.uiv3.OrderDetailActivity
ADDED from AndroidManifest.xml:345:9
	android:windowSoftInputMode
		ADDED from AndroidManifest.xml:349:13
	android:screenOrientation
		ADDED from AndroidManifest.xml:347:13
	android:theme
		ADDED from AndroidManifest.xml:348:13
	android:name
		ADDED from AndroidManifest.xml:346:13
activity#com.bigbasket.mobileapp.activity.order.uiv3.AvailableVoucherListActivity
ADDED from AndroidManifest.xml:350:9
	android:windowSoftInputMode
		ADDED from AndroidManifest.xml:354:13
	android:screenOrientation
		ADDED from AndroidManifest.xml:352:13
	android:theme
		ADDED from AndroidManifest.xml:353:13
	android:name
		ADDED from AndroidManifest.xml:351:13
activity#com.bigbasket.mobileapp.activity.order.MemberAddressFormActivity
ADDED from AndroidManifest.xml:356:9
	android:windowSoftInputMode
		ADDED from AndroidManifest.xml:361:13
	android:screenOrientation
		ADDED from AndroidManifest.xml:359:13
	android:configChanges
		ADDED from AndroidManifest.xml:358:13
	android:theme
		ADDED from AndroidManifest.xml:360:13
	android:name
		ADDED from AndroidManifest.xml:357:13
activity#com.bigbasket.mobileapp.activity.shoppinglist.ShoppingListActivity
ADDED from AndroidManifest.xml:362:9
	android:windowSoftInputMode
		ADDED from AndroidManifest.xml:367:13
	android:screenOrientation
		ADDED from AndroidManifest.xml:365:13
	android:configChanges
		ADDED from AndroidManifest.xml:364:13
	android:theme
		ADDED from AndroidManifest.xml:366:13
	android:name
		ADDED from AndroidManifest.xml:363:13
activity#com.bigbasket.mobileapp.activity.shoppinglist.ShoppingListSummaryActivity
ADDED from AndroidManifest.xml:368:9
	android:windowSoftInputMode
		ADDED from AndroidManifest.xml:372:13
	android:screenOrientation
		ADDED from AndroidManifest.xml:371:13
	android:configChanges
		ADDED from AndroidManifest.xml:370:13
	android:name
		ADDED from AndroidManifest.xml:369:13
activity#com.facebook.FacebookActivity
ADDED from AndroidManifest.xml:373:9
	android:label
		ADDED from AndroidManifest.xml:376:13
	android:configChanges
		ADDED from AndroidManifest.xml:375:13
	android:theme
		ADDED from AndroidManifest.xml:377:13
	android:name
		ADDED from AndroidManifest.xml:374:13
activity#com.bigbasket.mobileapp.activity.order.uiv3.PayuTransactionActivity
ADDED from AndroidManifest.xml:378:9
	android:windowSoftInputMode
		ADDED from AndroidManifest.xml:383:13
	android:screenOrientation
		ADDED from AndroidManifest.xml:381:13
	android:configChanges
		ADDED from AndroidManifest.xml:380:13
	android:theme
		ADDED from AndroidManifest.xml:382:13
	android:name
		ADDED from AndroidManifest.xml:379:13
activity#com.bigbasket.mobileapp.activity.account.uiv3.ChangeCityActivity
ADDED from AndroidManifest.xml:384:9
	android:windowSoftInputMode
		ADDED from AndroidManifest.xml:388:13
	android:screenOrientation
		ADDED from AndroidManifest.xml:386:13
	android:theme
		ADDED from AndroidManifest.xml:387:13
	android:name
		ADDED from AndroidManifest.xml:385:13
activity#com.bigbasket.mobileapp.activity.account.uiv3.SignInActivity
ADDED from AndroidManifest.xml:389:9
	android:windowSoftInputMode
		ADDED from AndroidManifest.xml:394:13
	android:screenOrientation
		ADDED from AndroidManifest.xml:392:13
	android:configChanges
		ADDED from AndroidManifest.xml:391:13
	android:theme
		ADDED from AndroidManifest.xml:393:13
	android:name
		ADDED from AndroidManifest.xml:390:13
activity#com.bigbasket.mobileapp.activity.TutorialActivity
ADDED from AndroidManifest.xml:395:9
	android:windowSoftInputMode
		ADDED from AndroidManifest.xml:400:13
	android:screenOrientation
		ADDED from AndroidManifest.xml:398:13
	android:configChanges
		ADDED from AndroidManifest.xml:397:13
	android:theme
		ADDED from AndroidManifest.xml:399:13
	android:name
		ADDED from AndroidManifest.xml:396:13
activity#com.bigbasket.mobileapp.activity.account.uiv3.SignupActivity
ADDED from AndroidManifest.xml:401:9
	android:windowSoftInputMode
		ADDED from AndroidManifest.xml:406:13
	android:screenOrientation
		ADDED from AndroidManifest.xml:404:13
	android:configChanges
		ADDED from AndroidManifest.xml:403:13
	android:theme
		ADDED from AndroidManifest.xml:405:13
	android:name
		ADDED from AndroidManifest.xml:402:13
activity#com.bigbasket.mobileapp.activity.account.uiv3.SocialLoginConfirmActivity
ADDED from AndroidManifest.xml:407:9
	android:windowSoftInputMode
		ADDED from AndroidManifest.xml:412:13
	android:screenOrientation
		ADDED from AndroidManifest.xml:410:13
	android:configChanges
		ADDED from AndroidManifest.xml:409:13
	android:theme
		ADDED from AndroidManifest.xml:411:13
	android:name
		ADDED from AndroidManifest.xml:408:13
activity#com.bigbasket.mobileapp.activity.order.uiv3.ShipmentSelectionActivity
ADDED from AndroidManifest.xml:413:9
	android:windowSoftInputMode
		ADDED from AndroidManifest.xml:418:13
	android:screenOrientation
		ADDED from AndroidManifest.xml:416:13
	android:configChanges
		ADDED from AndroidManifest.xml:415:13
	android:theme
		ADDED from AndroidManifest.xml:417:13
	android:name
		ADDED from AndroidManifest.xml:414:13
activity#com.bigbasket.mobileapp.activity.order.uiv3.PaymentSelectionActivity
ADDED from AndroidManifest.xml:419:9
	android:windowSoftInputMode
		ADDED from AndroidManifest.xml:424:13
	android:screenOrientation
		ADDED from AndroidManifest.xml:422:13
	android:configChanges
		ADDED from AndroidManifest.xml:421:13
	android:theme
		ADDED from AndroidManifest.xml:423:13
	android:name
		ADDED from AndroidManifest.xml:420:13
activity#com.bigbasket.mobileapp.activity.order.uiv3.OrderInvoiceActivity
ADDED from AndroidManifest.xml:425:9
	android:windowSoftInputMode
		ADDED from AndroidManifest.xml:429:13
	android:screenOrientation
		ADDED from AndroidManifest.xml:427:13
	android:theme
		ADDED from AndroidManifest.xml:428:13
	android:name
		ADDED from AndroidManifest.xml:426:13
meta-data#com.facebook.sdk.ApplicationId
ADDED from AndroidManifest.xml:431:9
	android:name
		ADDED from AndroidManifest.xml:432:13
	android:value
		ADDED from AndroidManifest.xml:433:13
activity#com.bigbasket.mobileapp.activity.account.uiv3.OrderListActivity
ADDED from AndroidManifest.xml:435:9
	android:windowSoftInputMode
		ADDED from AndroidManifest.xml:439:13
	android:screenOrientation
		ADDED from AndroidManifest.xml:437:13
	android:theme
		ADDED from AndroidManifest.xml:438:13
	android:name
		ADDED from AndroidManifest.xml:436:13
activity#com.bigbasket.mobileapp.activity.base.uiv3.BackButtonActivity
ADDED from AndroidManifest.xml:440:9
	android:windowSoftInputMode
		ADDED from AndroidManifest.xml:444:13
	android:screenOrientation
		ADDED from AndroidManifest.xml:442:13
	android:theme
		ADDED from AndroidManifest.xml:443:13
	android:name
		ADDED from AndroidManifest.xml:441:13
activity#com.bigbasket.mobileapp.activity.base.uiv3.BackButtonWithBasketButtonActivity
ADDED from AndroidManifest.xml:445:9
	android:windowSoftInputMode
		ADDED from AndroidManifest.xml:449:13
	android:screenOrientation
		ADDED from AndroidManifest.xml:447:13
	android:theme
		ADDED from AndroidManifest.xml:448:13
	android:name
		ADDED from AndroidManifest.xml:446:13
activity#com.bigbasket.mobileapp.activity.account.uiv3.MyAccountActivity
ADDED from AndroidManifest.xml:450:9
	android:windowSoftInputMode
		ADDED from AndroidManifest.xml:455:13
	android:screenOrientation
		ADDED from AndroidManifest.xml:453:13
	android:configChanges
		ADDED from AndroidManifest.xml:452:13
	android:theme
		ADDED from AndroidManifest.xml:454:13
	android:name
		ADDED from AndroidManifest.xml:451:13
activity#com.bigbasket.mobileapp.activity.account.uiv3.UpdatePinActivity
ADDED from AndroidManifest.xml:457:9
	android:windowSoftInputMode
		ADDED from AndroidManifest.xml:462:13
	android:screenOrientation
		ADDED from AndroidManifest.xml:460:13
	android:configChanges
		ADDED from AndroidManifest.xml:459:13
	android:theme
		ADDED from AndroidManifest.xml:461:13
	android:name
		ADDED from AndroidManifest.xml:458:13
activity#com.bigbasket.mobileapp.activity.account.uiv3.DoWalletActivity
ADDED from AndroidManifest.xml:464:9
	android:windowSoftInputMode
		ADDED from AndroidManifest.xml:469:13
	android:screenOrientation
		ADDED from AndroidManifest.xml:467:13
	android:configChanges
		ADDED from AndroidManifest.xml:466:13
	android:theme
		ADDED from AndroidManifest.xml:468:13
	android:name
		ADDED from AndroidManifest.xml:465:13
activity#com.bigbasket.mobileapp.activity.account.uiv3.WalletActivity
ADDED from AndroidManifest.xml:471:9
	android:windowSoftInputMode
		ADDED from AndroidManifest.xml:476:13
	android:screenOrientation
		ADDED from AndroidManifest.xml:474:13
	android:configChanges
		ADDED from AndroidManifest.xml:473:13
	android:theme
		ADDED from AndroidManifest.xml:475:13
	android:name
		ADDED from AndroidManifest.xml:472:13
provider#com.bigbasket.mobileapp.contentProvider.SearchSuggestionProvider
ADDED from AndroidManifest.xml:478:9
	android:multiprocess
		ADDED from AndroidManifest.xml:483:13
	android:exported
		ADDED from AndroidManifest.xml:482:13
	android:authorities
		ADDED from AndroidManifest.xml:480:13
	android:enabled
		ADDED from AndroidManifest.xml:481:13
	android:name
		ADDED from AndroidManifest.xml:479:13
activity#com.bigbasket.mobileapp.activity.base.SearchableActivity
ADDED from AndroidManifest.xml:485:9
	android:windowSoftInputMode
		ADDED from AndroidManifest.xml:490:13
	android:screenOrientation
		ADDED from AndroidManifest.xml:488:13
	android:configChanges
		ADDED from AndroidManifest.xml:487:13
	android:theme
		ADDED from AndroidManifest.xml:489:13
	android:name
		ADDED from AndroidManifest.xml:486:13
receiver#com.moe.pushlibrary.PushGcmBroadcastReceiver
ADDED from AndroidManifest.xml:494:9
	android:permission
		ADDED from AndroidManifest.xml:496:13
	android:name
		ADDED from AndroidManifest.xml:495:13
intent-filter#com.bigbasket.mobileapp+com.google.android.c2dm.intent.RECEIVE+com.google.android.c2dm.intent.REGISTRATION
ADDED from AndroidManifest.xml:497:13
action#com.google.android.c2dm.intent.RECEIVE
ADDED from AndroidManifest.xml:498:17
	android:name
		ADDED from AndroidManifest.xml:498:25
action#com.google.android.c2dm.intent.REGISTRATION
ADDED from AndroidManifest.xml:499:17
	android:name
		ADDED from AndroidManifest.xml:499:25
category#com.bigbasket.mobileapp
ADDED from AndroidManifest.xml:501:17
	android:name
		ADDED from AndroidManifest.xml:501:27
receiver#com.moe.pushlibrary.InstallReceiver
ADDED from AndroidManifest.xml:506:9
	android:name
		ADDED from AndroidManifest.xml:506:19
receiver#com.moe.pushlibrary.AppUpdateReceiver
ADDED from AndroidManifest.xml:512:9
	android:name
		ADDED from AndroidManifest.xml:512:19
intent-filter#android.intent.action.PACKAGE_REPLACED
ADDED from AndroidManifest.xml:513:13
action#android.intent.action.PACKAGE_REPLACED
ADDED from AndroidManifest.xml:514:17
	android:name
		ADDED from AndroidManifest.xml:514:25
provider#com.moe.pushlibrary.providers.MoEProvider
ADDED from AndroidManifest.xml:522:9
	android:exported
		ADDED from AndroidManifest.xml:525:13
	android:authorities
		ADDED from AndroidManifest.xml:524:13
	android:name
		ADDED from AndroidManifest.xml:523:13
activity#com.moe.pushlibrary.activities.MoEActivity
ADDED from AndroidManifest.xml:528:9
	android:screenOrientation
		ADDED from AndroidManifest.xml:531:13
	android:parentActivityName
		ADDED from AndroidManifest.xml:530:13
	android:name
		ADDED from AndroidManifest.xml:529:13
meta-data#android.support.PARENT_ACTIVITY
ADDED from AndroidManifest.xml:532:13
	android:name
		ADDED from AndroidManifest.xml:533:17
	android:value
		ADDED from AndroidManifest.xml:534:17
meta-data#APP_ID
ADDED from AndroidManifest.xml:538:9
	android:name
		ADDED from AndroidManifest.xml:539:13
	android:value
		ADDED from AndroidManifest.xml:540:13
meta-data#SENDER_ID
ADDED from AndroidManifest.xml:543:9
	android:name
		ADDED from AndroidManifest.xml:544:13
	android:value
		ADDED from AndroidManifest.xml:545:13
meta-data#NOTIFICATION_ICON
ADDED from AndroidManifest.xml:548:9
	android:name
		ADDED from AndroidManifest.xml:549:13
	android:value
		ADDED from AndroidManifest.xml:550:13
activity#com.moengage.addon.ubox.UnifiedInboxActivity
ADDED from AndroidManifest.xml:553:9
	android:windowSoftInputMode
		ADDED from AndroidManifest.xml:557:13
	android:label
		ADDED from AndroidManifest.xml:555:13
	android:theme
		ADDED from AndroidManifest.xml:556:13
	android:name
		ADDED from AndroidManifest.xml:554:13
service#com.moengage.addon.ubox.UBoxMessenger
ADDED from AndroidManifest.xml:559:9
	android:exported
		ADDED from AndroidManifest.xml:561:13
	android:name
		ADDED from AndroidManifest.xml:560:13
meta-data#LOCALYTICS_APP_KEY
ADDED from AndroidManifest.xml:564:9
	android:name
		ADDED from AndroidManifest.xml:565:13
	android:value
		ADDED from AndroidManifest.xml:566:13
meta-data#io.fabric.ApiKey
ADDED from AndroidManifest.xml:568:9
	android:name
		ADDED from AndroidManifest.xml:569:13
	android:value
		ADDED from AndroidManifest.xml:570:13
		INJECTED from AndroidManifest.xml:0:0
meta-data#com.google.android.gms.version
ADDED from AndroidManifest.xml:572:9
MERGED from com.google.android.gms:play-services-base:6.5.87:21:9
MERGED from com.google.android.gms:play-services-base:6.5.87:21:9
	android:name
		ADDED from AndroidManifest.xml:573:13
	android:value
		ADDED from AndroidManifest.xml:574:13
meta-data#CHANNEL
ADDED from AndroidManifest.xml:576:9
	android:name
		ADDED from AndroidManifest.xml:576:20
	android:value
		ADDED from AndroidManifest.xml:576:43
uses-sdk
INJECTED from AndroidManifest.xml:0:0 reason: use-sdk injection requested
MERGED from mobile-app:androidImageSlider:unspecified:7:5
MERGED from com.android.support:support-v4:22.2.0:20:5
MERGED from com.android.support:appcompat-v7:22.2.0:20:5
MERGED from com.android.support:support-v4:22.2.0:20:5
MERGED from com.android.support:recyclerview-v7:22.1.1:20:5
MERGED from com.android.support:support-v4:22.2.0:20:5
MERGED from com.google.android.gms:play-services-ads:6.5.87:18:5
MERGED from com.google.android.gms:play-services-base:6.5.87:18:5
MERGED from com.android.support:support-v4:22.2.0:20:5
MERGED from com.google.android.gms:play-services-plus:6.5.87:18:5
MERGED from com.google.android.gms:play-services-base:6.5.87:18:5
MERGED from com.android.support:support-v4:22.2.0:20:5
MERGED from com.facebook.android:facebook-android-sdk:4.4.0:24:5
MERGED from com.android.support:support-v4:22.2.0:20:5
MERGED from com.crashlytics.sdk.android:crashlytics:2.4.0:7:5
MERGED from io.fabric.sdk.android:fabric:1.3.4:23:5
MERGED from com.crashlytics.sdk.android:crashlytics-core:2.3.3:7:5
MERGED from io.fabric.sdk.android:fabric:1.3.4:23:5
MERGED from com.crashlytics.sdk.android:answers:1.2.2:7:5
MERGED from io.fabric.sdk.android:fabric:1.3.4:23:5
MERGED from com.crashlytics.sdk.android:beta:1.1.3:7:5
MERGED from io.fabric.sdk.android:fabric:1.3.4:23:5
MERGED from com.crashlytics.sdk.android:answers:1.2.2:7:5
MERGED from io.fabric.sdk.android:fabric:1.3.4:23:5
MERGED from com.journeyapps:zxing-android-embedded:3.0.1:19:5
MERGED from mobile-app:wibmoSDK:unspecified:7:5
MERGED from com.github.castorflex.smoothprogressbar:library:1.1.0:8:5
MERGED from com.ogaclejapan.smarttablayout:library:1.1.3:7:5
MERGED from mobile-app:moe-addon-ubox:unspecified:7:5
MERGED from com.android.support:appcompat-v7:22.2.0:20:5
MERGED from com.android.support:support-v4:22.2.0:20:5
MERGED from com.moengage:moe-android-sdk:5.1.9:5:5
MERGED from com.android.support:support-v4:22.2.0:20:5
MERGED from com.melnykov:floatingactionbutton:1.3.0:8:5
MERGED from com.android.support:recyclerview-v7:22.1.1:20:5
MERGED from com.android.support:support-v4:22.2.0:20:5
	android:targetSdkVersion
		INJECTED from AndroidManifest.xml:0:0
		INJECTED from AndroidManifest.xml:0:0
	android:minSdkVersion
		INJECTED from AndroidManifest.xml:0:0
		INJECTED from AndroidManifest.xml:0:0
android:uses-permission#android.permission.READ_EXTERNAL_STORAGE
IMPLIED from AndroidManifest.xml:2:1 reason: com.daimajia.slider.library requested WRITE_EXTERNAL_STORAGE
activity#android.support.v7.widget.TestActivity
ADDED from com.android.support:recyclerview-v7:22.1.1:23:9
MERGED from com.android.support:recyclerview-v7:22.1.1:23:9
	android:label
		ADDED from com.android.support:recyclerview-v7:22.1.1:25:13
	android:name
		ADDED from com.android.support:recyclerview-v7:22.1.1:24:13
uses-feature#android.hardware.camera
ADDED from com.journeyapps:zxing-android-embedded:3.0.1:26:5
	android:required
		ADDED from com.journeyapps:zxing-android-embedded:3.0.1:28:9
	android:name
		ADDED from com.journeyapps:zxing-android-embedded:3.0.1:27:9
uses-feature#android.hardware.camera.front
ADDED from com.journeyapps:zxing-android-embedded:3.0.1:29:5
	android:required
		ADDED from com.journeyapps:zxing-android-embedded:3.0.1:31:9
	android:name
		ADDED from com.journeyapps:zxing-android-embedded:3.0.1:30:9
uses-feature#android.hardware.camera.autofocus
ADDED from com.journeyapps:zxing-android-embedded:3.0.1:34:5
	android:required
		ADDED from com.journeyapps:zxing-android-embedded:3.0.1:36:9
	android:name
		ADDED from com.journeyapps:zxing-android-embedded:3.0.1:35:9
uses-feature#android.hardware.camera.flash
ADDED from com.journeyapps:zxing-android-embedded:3.0.1:37:5
	android:required
		ADDED from com.journeyapps:zxing-android-embedded:3.0.1:39:9
	android:name
		ADDED from com.journeyapps:zxing-android-embedded:3.0.1:38:9
uses-feature#android.hardware.screen.landscape
ADDED from com.journeyapps:zxing-android-embedded:3.0.1:40:5
	android:required
		ADDED from com.journeyapps:zxing-android-embedded:3.0.1:42:9
	android:name
		ADDED from com.journeyapps:zxing-android-embedded:3.0.1:41:9
uses-feature#android.hardware.wifi
ADDED from com.journeyapps:zxing-android-embedded:3.0.1:43:5
	android:required
		ADDED from com.journeyapps:zxing-android-embedded:3.0.1:45:9
	android:name
		ADDED from com.journeyapps:zxing-android-embedded:3.0.1:44:9
activity#com.journeyapps.barcodescanner.CaptureActivity
ADDED from com.journeyapps:zxing-android-embedded:3.0.1:48:9
	android:windowSoftInputMode